<?xml version="1.0" encoding="UTF-8"?>
<coverage generated="1666033014062" clover="3.2.0">
  <project timestamp="1666033014062" name="All files">
    <metrics statements="7" coveredstatements="7" conditionals="0" coveredconditionals="0" methods="4" coveredmethods="4" elements="11" coveredelements="11" complexity="0" loc="7" ncloc="7" packages="1" files="1" classes="1"/>
    <file name="index.js" path="C:\Users\ajayr\OneDrive\Desktop\Altcampus\javascript A\advanced dom and writing test\writing test with jest\index.js">
      <metrics statements="7" coveredstatements="7" conditionals="0" coveredconditionals="0" methods="4" coveredmethods="4"/>
      <line num="10" count="6" type="stmt"/>
      <line num="16" count="6" type="stmt"/>
      <line num="18" count="6" type="stmt"/>
      <line num="22" count="1" type="stmt"/>
      <line num="28" count="6" type="stmt"/>
      <line num="35" count="6" type="stmt"/>
      <line num="38" count="1" type="stmt"/>
    </file>
  </project>
</coverage>
