{"C:\\Users\\ajayr\\OneDrive\\Desktop\\Altcampus\\javascript A\\advanced dom and writing test\\writing test with jest\\index.js": {"path":"C:\\Users\\ajayr\\OneDrive\\Desktop\\Altcampus\\javascript A\\advanced dom and writing test\\writing test with jest\\index.js","statementMap":{"0":{"start":{"line":10,"column":4},"end":{"line":10,"column":38}},"1":{"start":{"line":16,"column":15},"end":{"line":16,"column":49}},"2":{"start":{"line":18,"column":5},"end":{"line":18,"column":24}},"3":{"start":{"line":22,"column":10},"end":{"line":22,"column":14}},"4":{"start":{"line":28,"column":4},"end":{"line":28,"column":35}},"5":{"start":{"line":35,"column":4},"end":{"line":35,"column":39}},"6":{"start":{"line":38,"column":0},"end":{"line":43,"column":1}}},"fnMap":{"0":{"name":"getFullName","decl":{"start":{"line":9,"column":9},"end":{"line":9,"column":20}},"loc":{"start":{"line":9,"column":40},"end":{"line":11,"column":1}},"line":9},"1":{"name":"isPalindrome","decl":{"start":{"line":15,"column":9},"end":{"line":15,"column":21}},"loc":{"start":{"line":15,"column":26},"end":{"line":19,"column":1}},"line":15},"2":{"name":"getCircumfrence","decl":{"start":{"line":27,"column":9},"end":{"line":27,"column":24}},"loc":{"start":{"line":27,"column":32},"end":{"line":29,"column":1}},"line":27},"3":{"name":"getArea","decl":{"start":{"line":34,"column":9},"end":{"line":34,"column":16}},"loc":{"start":{"line":34,"column":24},"end":{"line":36,"column":1}},"line":34}},"branchMap":{},"s":{"0":6,"1":6,"2":6,"3":1,"4":6,"5":6,"6":1},"f":{"0":6,"1":6,"2":6,"3":6},"b":{},"_coverageSchema":"1a1c01bbd47fc00a2c39e90264f33305004495a9","hash":"6bd20b037fa265235aaa2520cca21145de060e05"}
}
